ac5901
*   edb237c 9th commit (5th on master)
|\  
| *   b3e546a 6th commit (2nd on b2)
| |\  
| * | 2e4e927 5th commit (1st on b2)
* | |   12912e5 8th commit (4th on master)
|\ \ \  
| | |/  
| |/|   
| * |   d1b904a 4th commit (2nd on b1)
| |\ \  
| | |/  
| |/|   
| * | 9501929 3rd commit (1st on b1)
* | | 799df50 7th commit (3rd on master)
| |/  
|/|   
* | b9de8f8 2nd commit (2nd on master)
|/  
* 9522336 1st commit (1st on master)

sar516
*   2e3c75f 11th commit (7th on master)
|\  
| *   ab610ae 9th commit (2nd on testing1)
| |\  
| * | 1620ac0 7th commit (1st on testing1)
* | |   87fdb40 10th commit (6th on master)
|\ \ \  
| |_|/  
|/| |   
| * | 189cfab 8th commit (1st on testing2)
* | |   0797c2b 6th commit (5th on master)
|\ \ \  
| |/ /  
| | /   
| |/    
|/|     
| * 9614b67 4th commit (1st on testing)
* | d780af6 5th commit (4th commit on master)
|/  
* 63dd42d 3rd commit (3rd commit on master)
* 9c7e8ad 2nd commit (2nd on master)
* 779163c 1st commit (1st on master)
