aj1973
*   428ae17 9th commit (3rd from branch4)
|\  
| *   44488a0 7th commit (2nd from branch3)
| |\  
| * | 5ec2410 4th commit (1st from branch3)
* | |   c740ff9 8th commit (2nd from branch4)
|\ \ \  
| | |/  
| |/|   
| * |   94a50d7 6th commit (2nd from branch1)
| |\ \  
| | |/  
| |/|   
| * | 65f918e 2nd commit (1st from branch1)
* | | 96b1562 5th commit (1st from branch4)
| |/  
|/|   
* | 0424171 3rd commit (1st from branch2)
|/  
* 97d3cde 1st commit (1st in master)

rda311
*   520c862 9th commit (3rd from branch4)
|\  
| *   bb3aaad 7th commit (2nd from branch3)
| |\  
| * | 1f58394 4th commit (1st from branch3)
* | |   281c7b7 8th commit (2nd from branch4)
|\ \ \  
| | |/  
| |/|   
| * |   a9e73ba 6th commit (2nd from branch1)
| |\ \  
| | |/  
| |/|   
| * | ab64887 2nd commit (1st from branch1)
* | | d405dd7 5th commit (1st from branch4)
| |/  
|/|   
* | 6f072c3 3rd commit (1st from branch2)
|/  
* 98a0b0a 1st commit (1st in master)

