ak6201
*   5de0d8e Merge branch 'b5' into b6
|\  
| *   34635e7 Merge branch 'b2_1' into b5
| |\  
| | * 2c4a2ec file on fb2_1
* | |   094579b Merge branch 'b1_2' into b4
|\ \ \  
| |/ /  
| * |   d7a2afc Merge branch 'b2' into b1_2
| |\ \  
| | |/  
| | * cb48982 file on b2
* | | 7d70747 file on fb1_1
|/ /  
* | d604bd2 file on b1
|/  
* c38e6ac initial commit
eff254
*   5570153 (HEAD -> master) Master VS tree3
|\  
| *   bcaed8d (tree3) Tree3 VS tree1_2
| |\  
| | * b31c5ab (tree1_2) 4th comit (1st on tree1_2)
* | |   e1f7fe6 Master VS tree2
|\ \ \  
| |/ /  
|/| |   
| * | 57ebf30 (tree2) 5th comit (1st on tree2)
* | |   802c08d Master VS Tree1
|\ \ \  
| |/ /  
|/| /   
| |/    
| * 1974812 (tree1) 3rd comit (1st on tree1)
* | f5d27e3 2nd comit (2nds on master)
|/  
* 6128ee7 1st comit (1st on master)