aks629
*   f042d21 9th commit (6th on master )- 5 Level, 1 Node
|\  
| *   3802c0a 6th commit (3rd on testing)-4Level,2node
| |\  
| * | 633c960 5th commit (2nd on testing)- 3Level,3Node
* | |   2e18601 8th commit (5th on master) -4 Level, 1Node
|\ \ \  
| |_|/  
|/| |   
| * | d18cb82 7th commit (4th on testing on checkout) - 3Level, 1Node
* | |   8db8143 4th commit (3rd on master)-3Level,2Node
|\ \ \  
| |/ /  
|/| /   
| |/    
| * 2c4753e 2nd commit (1st on testing).
* | 2c87f2d 3rd commit (2nd on master).
|/  
* 675da29 1st commit ( 1st on master ).
tvg226
*   156cec0 9th commit
|\
| *   a2b7eb0 6th commit
| |\
| * | 64669ac 5th Commit
* | |   d4e3119 8th commit
|\ \ \
| |_|/
|/| |
| * | fab9a81 7th Commit
* | |   e42cf57 4th commit
|\ \ \
| |/ /
|/| /
| |/
| * 4e4e4ca 2nd commit
* | 91599fb 3rd Commit
|/
* d5915a4 Commit 1
pgb252
*   6c90548 six master
|\  
| *   26de0f3 3rd on testing
| |\  
| * | 18e8250 second testing
* | |   81d0491 8th commit
|\ \ \  
| |_|/  
|/| |   
| * | 2d09638 7th commit
* | |   5bc3570 three master
|\ \ \  
| |/ /  
|/| /   
| |/    
| * fa45cba one testing
* | b3a75e5 two master
|/  
* ed4d16a one master

