bz866
*   d89e377 Merge branch 'branch2' into branch1
|\  
| *   c947eda Merge branch 'master' into branch2
| |\  
| * | 33372ad 4th commit (1st branch2)
* | |   5490308 Merge branch 'master' into branch1
|\ \ \  
| | |/  
| |/|   
| * |   3919580 resolved conflit
| |\ \  
| | |/  
| |/|   
| * | c024560 3rd commit (2nd master)
* | | 390cc16 5th commit(2nd branch1)
| |/  
|/|   
* | 7b99418 2nd commit(1st branch1)
|/  
* c479223 1st commit

yz1349
*   42dfaf5 5th layer master
|\  
| *   c1b61b0 4th layer branch1
| |\  
| * | f17a712 3rd layer branch1
* | |   cbeacec 4th layer master
|\ \ \  
| |_|/  
|/| |   
| * | 6bc835a 3rd layer branch2
* | |   80a1816 3rd layer master
|\ \ \  
| |/ /  
|/| /   
| |/    
| * 45125cd 2nd layer branch1
* | d2554b9 2nd layer master
|/  
* 3395127 1st layer master
