cer446

*   65e8894 last merge
|\  
| *   52aeb5f merging center node with branch C
| |\  
| | * 675b5d8 added file 3 to branch C
* | |   d3ea0dc 6th commit, merging B and master
|\ \ \  
| |/ /  
|/| |   
| * | 3b34914 5th commit (1st on B)
* | |   cba0d3b 4th commit (3rd on master), merging A
|\ \ \  
| |/ /  
| | /   
| |/    
|/|     
| * 521f6ab 2nd commit (1st on A)
* | fd7b740 3rd commit (2nd on master), added File2
|/  
* 7f737d0 1st commit on master

sl4964
*   26f9e20 node9 Merge branch 'branch1'
|\  
| *   f8e2b8a node8 Merge branch 'branch2' into branch1
| |\  
| | * 9043e84 node6
* | |   1eacaa6 node7 Merge branch 'branch1'
|\ \ \  
| |/ /  
| * |   ee919e2 node4 Merge branch 'master' into branch1
| |\ \  
| | |/  
| |/|   
| * | 5ba4ccf node3
* | | 1f2e26d node5
| |/  
|/|   
* | 63129cc node2
|/  
* c06dabd node1
