cl3869
*   8baeea7 Merge branch 'branch2' merge branch2
|\  
| *   ba2f99e Merge branch 'branch1' into branch2 merge branch1 to branch2
| |\  
| * | db3c59f 4 commit, 1  b2
* | |   765a6f9 Merge branch 'branch1' merge branch1
|\ \ \  
| |/ /  
|/| |   
| * | 85f75f2 5 commit, 2 on b1
| |/  
| * 38ab0c6 2 commit, 1  b1
* | e632077 3 commit, 2  master
|/  
* db9ebc8 1 commit, 1  master

ys2786
*   3fc20c9 [branch1] 8th commit, merge [branch2]
|\
| *   06a633c Merge branch 'merge1' into branch2
| |\
| * | b8db948 [branch2] 4th commit
* | |   f9edcf4 [branch1] 7th commit, merge with [merge1]
|\ \ \
| | |/
| |/|
| * |   bb5a52f [merge1] 5th commit
| |\ \
| | |/
| | * 77878d8 [branch2] 3rd commit
* | | 2391ccc [branch1] 6th commit
|/ /
* | 9a79bcb [branch1] 2nd commit
|/
* f828978 [master] 1st commit
