ans605
*   9e80888 First on B8
|\  
| *   379fc71 First on B5
| |\  
| * | 99fcf0b First on B4
* | |   cda399b First on B7
|\ \ \  
| | |/  
| |/|   
| * |   64a669b First on B3
| |\ \  
| | |/  
| | * 9a67931 First on B1
* | | 7cb7a9d First on B6
|/ /  
* | e0b9efa First on B2
|/  
* 96dfd4d First on master

dkb300
*   21accfb Final Changes before merging to master
|\
| *   7cf8325 Commit before merging
| |\
| * | 40aa2c6 6th commit. 1st on B6
| * | 8529131 5th commit. 1st on B3
* | |   5bb0ab2 Merged b5 and master
|\ \ \
| | |/
| |/|
| * |   af485d2 4th Commit. Merging b1 and b2.
| |\ \
| | |/
| |/|
| * | 0bddcbc 2 commit. 1st by b1
* | | 413dabc 8th commit. 1st (Correct one) on b5
| |/
|/|
| | * 0ec7aaa Commiting faulty change. 2nd commit on b2
| | * 43a35db 7th commit. 1st on b5
| |/
|/|
* | 7c1fd67 3rd commit. 1st by b2
|/
* 68d30ff 1st Commit. 1st on master

tw1555
*   15c06a4 Merge branches 'b6' and 'b4' into b8
|\
| *   5bba249 Merge branch 'b3' into b4
| |\
| * | bdab0ac README@7
| * | 35878a1 README@4
* | | 0721114 README@8
* | |   eea7d68 Merge branch 'b3' into b6
|\ \ \
| | |/
| |/|
| * |   c355e98 Merge branch 'b2' into B3
| |\ \
| * | | be3d7df Commit 4 at B1
| | |/
| |/|
| * | 34907a0 Commit 2 at B1
* | | c99b4d5 README@6
* | | 22062df README@5
| |/
|/|
* | ea5e8bf Commit 3 at B2
|/
* eda8e1c Commit One on MASTER
