dv697
*   f77cae3 Final Merge
|\  
| *   815996f 3rd merge. Merging master with branchfromMaster
| |\  
| * | 399025b 4th commit(1st from branch from master)
* | |   51d46cc 2nd merge. Merging master with branchfromTesting
|\ \ \  
| | |/  
| |/|   
| * |   9fc3ccd 1st merge. Merging testing with master
| |\ \  
| | |/  
| |/|   
| * | 6c0b7ac 3rd commit(2nd one in master)
* | | f8be401 5th commit (1st one from branchFromTesting
| |/  
|/|   
* | 17d1976 2nd commit (1st one for testing)
|/  
* 735d10f 1st commit (1st one for master)
nn1119
*   49259bd 4th merge
|\  
| *   be7516e 3rd merge, master-mbranch
| |\  
| | * 8713012 4th commit, mbranch 1
| * |   2496e6a 2nd merge, master-tbranch
| |\ \  
| | |/  
| |/|   
| | * a0f91e8 5th commit, tbranch 1
* | |   8fb680e 1st merge, testing into master
|\ \ \  
| |/ /  
| | /   
| |/    
|/|     
| * b23a153 2nd commit, master2
* | b1aeed9 3rd commit, testing 1
|/  
* b9dd806 1st commit, master 1
