haj263
*   83905ed Merge branch 'b6' into b8 Merge branch b6 into b7
|\  
| *   c1a99fc Merge branch 'b3' into b6 Merge b6
| |\  
| * | 7df984f b6 commit
| * | a9c2232 b4 commit.
* | | a7d77eb b8 commit
* | |   173eb8c Merge branch 'b3' into b7 Merge b5 to b7
|\ \ \  
| | |/  
| |/|   
| * |   3286b2f Merge branch 'b2' into b3
| |\ \  
| * | | 95e33ce b3 commit.
| | |/  
| |/|   
| * | 4a72f1c b1 commit.
* | | 1835fa6 b7 commit.
* | | a1ce8a3 b5 commit.
| |/  
|/|   
* | cbd0c85 b2 commit
|/  
* 5399368 Commited.
