ak6201
*   5de0d8e Merge branch 'b5' into b6
|\  
| *   34635e7 Merge branch 'b2_1' into b5
| |\  
| | * 2c4a2ec file on fb2_1
* | |   094579b Merge branch 'b1_2' into b4
|\ \ \  
| |/ /  
| * |   d7a2afc Merge branch 'b2' into b1_2
| |\ \  
| | |/  
| | * cb48982 file on b2
* | | 7d70747 file on fb1_1
|/ /  
* | d604bd2 file on b1
|/  
* c38e6ac initial commit
jub205
*   7084790 Final merge / Merge branches 'testing' and 'testing2'
|\  
| *   319e1f9 Merge branch 'master' into testing2
| |\  
| * | dc95841 6th commit (2nd on branch testing2)
* | |   8840022 Merge branch 'master' into testing
|\ \ \  
| | |/  
| |/|   
| * |   066a9cd Merge branches 'testing' and 'testing2'
| |\ \  
| | |/  
| | * d809e37 3rd commit (1st on branch testing1)
* | | 059a1a6 5th commit (2nd on branch testing)
|/ /  
* | c5e8057 2nd commit (1st on branch testing)
|/  
* 8714629 1st commit (1st on master)
rds491
*   1d903ec Merge branch 'master2'
|\  
| *   1290a0b Merge branch 'b1.2' into master2
| |\  
| | * 5ad40a5 file on branch 1.2
* | |   33bdc56 Merge branch 'b2'
|\ \ \  
| |/ /  
|/| |   
| * | 73a07ff file on b2
* | |   9d07c40 git branch master2 git checkout master2 git merge b1.2 git checkout master git merge b2 git merge master2 git graphMerge branch 'b1'
|\ \ \  
| |/ /  
|/| /   
| |/    
| * 7a8f5c4 file on b1
* | d34281d second file on master
|/  
* f031194 initial commit
