js5991
*   c8590c5 Merge branch 'branch2' into branch1
|\  
| *   7bbedf6 Merge branch 'master' into branch2
| |\  
| * | c078da1 4th commit (1st branch2)
* | |   1895191 Merge branch 'master' into branch1
|\ \ \  
| | |/  
| |/|   
| * |   bfc9e01 resolved conflict
| |\ \  
| | |/  
| |/|   
| * | 811947b 3rd commit (2nd master)
* | | 8080920 5th commit(2nd branch1)
| |/  
|/|   
* | bc74bf1 2nd commit (1st branch1)
|/  
* db96015 1st Commit

kw1946
*   bfff5e7 Merge branch 'b1' into b4
|\  
| *   47f2b4d Merge branch 'b2' into b1
| |\  
| | * b06cdd3 4th
* | |   e680ecb Merge branch 'b3' into b4
|\ \ \  
| |/ /  
|/| |   
| * | ab080ca 5th
* | |   a8150a6 Merge branch 'master' into b1
|\ \ \  
| |/ /  
|/| /   
| |/    
| * ff0bb41 2nd
* | 1276755 3rd
|/  
* a15e20f 1st
