llq205 
*   4db13f3 (HEAD -> master, origin/master) 9 
|\
| *   d785f38 (origin/b2, b2) 8
| |\
| * | 4491294 4
* | |   6cd6827 7 
|\ \ \
| | |/
| |/|
| * |   1906f5d (origin/b1, b1) 5
| |\ \
| | |/
| |/|
| * | 35072eb 2
* | | c08000e 6
| |/
|/|
* | 4e5e083 3
|/
* 9bedc7d 1

ym1495
*   30680e6 9th commit(5th on master)
|\
| *   9348433 7th commit(2nd on branch2)
| |\
| * | 1b01422 4th commit(1st on branch2)
* | |   034adcc 8th commit(4th on master) merge branch3 to master
|\ \ \
| |_|/
|/| |
| * | 2a4547b 5th commit(1st on branch3)
* | |   a306611 6th commit(3rd on master) merge branch1 to master
|\ \ \
| |/ /
| | /
| |/
|/|
| * 47d08e6 2nd commit(1st on branch1)
* | d848e2b 3rd commit(2nd on master)
|/
* 63c27e7 1st commit(1st on master)

yz3464
*   a2e3a04 Merge branch 's1' into s2
|\  
| *   3210a15 Merge branch 'master' into s1
| |\  
| | * 1db5788 add
* | |   e08dbd6 Merge branch 's1' into s2
|\ \ \  
| |/ /  
| * |   b4c74ba Merge branch 'master' into s1
| |\ \  
| | |/  
| | * 20bdf65 s1
* | | 408ebdd s2
|/ /  
* | f927102 s1
|/  
* a7e6fbf init
