lt1503
*   8b3d55f Merge branch 'b1' into b2
|\
| *   fd7d336 Merge branch 'master' into b1
| |\
| | * ce1d853 c2
* | |   27cc044 Merge branch 'b1' into b2
|\ \ \
| |/ /
| * |   f26ce8c Merge branch 'master' into b1
| |\ \
| | |/
| | * f32a663 c1
* | | 81abc6c b2
|/ /
* | e1ef8c0 b1
|/
* 1904855 start
xc965
*   ff7f79e Merge branch 'a1' into a2
|\
| *   bb5209e Merge branch 'master' into a1
| |\
| | * 01f341d c2
* | |   1f1f78f Merge branch 'a1' into a2
|\ \ \
| |/ /
| * |   d58d4f0 Merge branch 'master' into a1
| |\ \
| | |/
| | * c2a1b1f a1
* | | fe2b808 a2
|/ /
* | 9b1d8b8 a1
|/
* 60065c4 init
