mm8688
*   48485ad final
|\  
| *   b673011 branch2
| |\  
| * | 53b4fa2 branch2
* | |   b96fc67 branch1
|\ \ \  
| | |/  
| |/|   
| * |   0b9e503 merge
| |\ \  
| | |/  
| | * 1016fca branch2
* | | 746c21d branch1
|/ /  
* | 57b6ca6 branch1
|/  
* 713f39a master
yz3735
*   053368a 5
|\  
| *   3919a36 4.2
| |\  
| | * a1c3151 3.3
* | |   ac6e67a 4.1
|\ \ \  
| |/ /  
| * |   ce1bde3 3.2
| |\ \  
| | |/  
| |/|   
| * | 68e597b 2.2
* | | 23c6e02 3.1
| |/  
|/|   
* | 4e135d8 2.1
|/  
* 7616638 1
