jch609
*   3ada967 9th commit, 5th on master, 4th merge
|\  
| *   77070fa 8th commit, 3rd on branch1, 3rd merge
| |\  
| | * 4eeec9d 6th commit, 1st on branch2
* | |   103b4a1 7th commit, 4th on master, 2nd merge
|\ \ \  
| |/ /  
| * |   e612397 4th commit, 2nd on branch1, 1st merge
| |\ \  
| | |/  
| |/|   
| * | a7820f2 3rd commit, 1st on branch1
* | | 1518e5b 5th commit, 3rd on master
| |/  
|/|   
* | aa1eba8 2nd commit, 2nd on master
|/  
* 7529e46 1st commit, 1st on master

mmd378
*   ad59717 commit 9
|\  
| *   3a3244b commit 8
| |\  
| | * 03dd8ad commit 4
* | |   1360273 commit 7
|\ \ \  
| |/ /  
| * |   34bbd91 commit 5
| |\ \  
| | |/  
| |/|   
| * | 2de8c60 commit 2
* | | 56b481f commit 6
| |/  
|/|   
* | fe6d35a commit 3
|/  
* c9840d6 commit 1
