inn1119
*   49259bd 4th merge
|\  
| *   be7516e 3rd merge, master-mbranch
| |\  
| | * 8713012 4th commit, mbranch 1
| * |   2496e6a 2nd merge, master-tbranch
| |\ \  
| | |/  
| |/|   
| | * a0f91e8 5th commit, tbranch 1
* | |   8fb680e 1st merge, testing into master
|\ \ \  
| |/ /  
| | /   
| |/    
|/|     
| * b23a153 2nd commit, master2
* | b1aeed9 3rd commit, testing 1
|/  
* b9dd806 1st commit, master 1
ue225
*   97988e2 final Merge branch 'eeac2' into b2
|\  
| *   1f1d496 merge2 Merge branch 'master' into eeac2
| |\  
| * | f4eb579 Commit 4
* | |   edcc0b2 Merge branch 'master' into b2
|\ \ \  
| | |/  
| |/|   
| * |   e0a3d6a Merge 1 Merge branch 'b1'
| |\ \  
| | |/  
| | * eeac288 comm2
* | | 89aea53 comm6
|/ /  
* | 2dc0088 comm3
|/  
* d1021e4 First commit
