aks629
*   f042d21 9th commit (6th on master )- 5 Level, 1 Node
|\
| *   3802c0a 6th commit (3rd on testing)-4Level,2node
| |\
| * | 633c960 5th commit (2nd on testing)- 3Level,3Node
* | |   2e18601 8th commit (5th on master) -4 Level, 1Node
|\ \ \
| |_|/
|/| |
| * | d18cb82 7th commit (4th on testing on checkout) - 3Level, 1Node
* | |   8db8143 4th commit (3rd on master)-3Level,2Node
|\ \ \
| |/ /
|/| /
| |/
| * 2c4753e 2nd commit (1st on testing).
* | 2c87f2d 3rd commit (2nd on master).
|/
* 675da29 1st commit ( 1st on master ).

*   6c90548 six master
|\  
| *   26de0f3 3rd on testing
| |\  
| * | 18e8250 second testing
* | |   81d0491 8th commit
|\ \ \  
| |_|/  
|/| |   
| * | 2d09638 7th commit
* | |   5bc3570 three master
|\ \ \  
| |/ /  
|/| /   
| |/    
| * fa45cba one testing
* | b3a75e5 two master
|/  
* ed4d16a one master
