qc510
*   7bac215 Merge branch 'branch2' into branch1
|\  
| *   80dcdee merge node2 with node 8
| |\  
| * | 3849812 4th commit
* | |   3796d13 Merge branch 'master' into branch1
|\ \ \  
| | |/  
| |/|   
| * |   7adce99 4th commit
| |\ \  
| | |/  
| |/|   
| * | 2ccfa51 3rd commit(the 2nd master)
* | | 678ed96 branch1 commit
| |/  
|/|   
* | 177acca 2nd commit
|/  
* ec6cd63 First commit

sx550
*   125d307 9
|\  
| *   256d834 8
| |\  
| | * 6c525c9 6
* | |   68a22d0 7
|\ \ \  
| |/ /  
| * |   8711e23 5
| |\ \  
| | |/  
| | * 59c42d1 3
* | | ed5d1e5 4
|/ /  
* | 358546b 2
|/  
* f62cda6 1
