lt1503
*   8b3d55f Merge branch 'b1' into b2
|\  
| *   fd7d336 Merge branch 'master' into b1
| |\  
| | * ce1d853 c2
* | |   27cc044 Merge branch 'b1' into b2
|\ \ \  
| |/ /  
| * |   f26ce8c Merge branch 'master' into b1
| |\ \  
| | |/  
| | * f32a663 c1
* | | 81abc6c b2
|/ /  
* | e1ef8c0 b1
|/  
* 1904855 start
qg323
*   0429876 Merge branch 'level1' into level2
|\  
| *   22983b2 Merge branch 'master' into level1
| |\  
| | * 69a9ec8 master mod2
* | |   4cd064e Merge branch 'level1' into level2
|\ \ \  
| |/ /  
| * |   e5b8d4b Merge branch 'master' into level1
| |\ \  
| | |/  
| | * 2b30a2e master mod1
* | | 8f01797 level2
|/ /  
* | 34971db level1
|/  
* 7414b24 Initial commit
