mm8688
*   48485ad final
|\  
| *   b673011 branch2
| |\  
| * | 53b4fa2 branch2
* | |   b96fc67 branch1
|\ \ \  
| | |/  
| |/|   
| * |   0b9e503 merge
| |\ \  
| | |/  
| | * 1016fca branch2
* | | 746c21d branch1
|/ /  
* | 57b6ca6 branch1
|/  
* 713f39a master
qz718
*   3746376 final
|\  
| *   ffc582e branch2.2
| |\  
| * | 407c33e branch2.2
* | |   69e6980 branch1.1
|\ \ \  
| | |/  
| |/|   
| * |   59620e3 master
| |\ \  
| | |/  
| | * ce99eb6 branch2
* | | 479e2f6 branch1.1
|/ /  
* | e1973ee branch1
|/  
* 59643e1 master
