kd1783
*   b9d4f27 9th commit (3rd from branch4)
|\  
| *   e2ef1d5 7th commit (2nd from branch3)
| |\  
| * | ad2b0c8 4th commit (1st from branch3)
* | |   d924514 8th commit (2nd from branch4)
|\ \ \  
| | |/  
| |/|   
| * |   ddb8817 6th commit (2nd from branch1)
| |\ \  
| | |/  
| |/|   
| * | 27496ef 2nd commit (1st from branch1)
* | | 9468afb 5th commit (1st from branch4)
| |/  
|/|   
* | 0e639d5 3rd commit (1st from branch2)
|/  
* d1814b9 1st commit (1st in master)

rda311
*   520c862 9th commit (3rd from branch4)
|\  
| *   bb3aaad 7th commit (2nd from branch3)
| |\  
| * | 1f58394 4th commit (1st from branch3)
* | |   281c7b7 8th commit (2nd from branch4)
|\ \ \  
| | |/  
| |/|   
| * |   a9e73ba 6th commit (2nd from branch1)
| |\ \  
| | |/  
| |/|   
| * | ab64887 2nd commit (1st from branch1)
* | | d405dd7 5th commit (1st from branch4)
| |/  
|/|   
* | 6f072c3 3rd commit (1st from branch2)
|/  
* 98a0b0a 1st commit (1st in master)
