eff254
*   5570153 (HEAD -> master) Master VS tree3
|\  
| *   bcaed8d (tree3) Tree3 VS tree1_2
| |\  
| | * b31c5ab (tree1_2) 4th comit (1st on tree1_2)
* | |   e1f7fe6 Master VS tree2
|\ \ \  
| |/ /  
|/| |   
| * | 57ebf30 (tree2) 5th comit (1st on tree2)
* | |   802c08d Master VS Tree1
|\ \ \  
| |/ /  
|/| /   
| |/    
| * 1974812 (tree1) 3rd comit (1st on tree1)
* | f5d27e3 2nd comit (2nds on master)
|/  
* 6128ee7 1st comit (1st on master)
rds491
*   1d903ec Merge branch 'master2'
|\  
| *   1290a0b Merge branch 'b1.2' into master2
| |\  
| | * 5ad40a5 file on branch 1.2
* | |   33bdc56 Merge branch 'b2'
|\ \ \  
| |/ /  
|/| |   
| * | 73a07ff file on b2
* | |   9d07c40 git branch master2 git checkout master2 git merge b1.2 git checkout master git merge b2 git merge master2 git graphMerge branch 'b1'
|\ \ \  
| |/ /  
|/| /   
| |/    
| * 7a8f5c4 file on b1
* | d34281d second file on master
|/  
* f031194 initial commit