hw1551
*   17b0ddf 9th commit (5th on master).
|\  
| *   1ba839e 7th commit (3rd on testing1).
| |\  
| * | 7d21646 6th commit (2nd on testing1).
* | |   9e60801 8th commit (4th on master).
|\ \ \  
| |_|/  
|/| |   
| * | 83a88e5 4th commit (1st on testing2).
* | |   046b07c 5th commit(3rd on master).
|\ \ \  
| |/ /  
|/| /   
| |/    
| * 3160ab9 2rd commit (1st on testing1).
* | af58ed8 3th commit (2rd on master).
|/  
* 5a904c7 1st commit (1st on master).

rf1711
*   7eed23f 9th commit, 5th on master
|\  
| *   d582a5f 7th commit, 2nd on testing1
| |\  
| * | 0e79655 4th commit, 1st on testing1
* | |   75ebfa1 8th commit, 4th on master
|\ \ \  
| |_|/  
|/| |   
| * | 0e486c6 5th commit, 1st on testing2
* | |   0bfd678 6th commit, 3rd on master
|\ \ \  
| |/ /  
| | /   
| |/    
|/|     
| * da9fd62 3rd commit, 1st on testing
* | 4a2793b 2nd commit, 2nd on master
|/  
* 401d7da 1st commit, 1st on master)
