jch609
*   3ada967 9th commit, 5th on master, 4th merge
|\  
| *   77070fa 8th commit, 3rd on branch1, 3rd merge
| |\  
| | * 4eeec9d 6th commit, 1st on branch2
* | |   103b4a1 7th commit, 4th on master, 2nd merge
|\ \ \  
| |/ /  
| * |   e612397 4th commit, 2nd on branch1, 1st merge
| |\ \  
| | |/  
| |/|   
| * | a7820f2 3rd commit, 1st on branch1
* | | 1518e5b 5th commit, 3rd on master
| |/  
|/|   
* | aa1eba8 2nd commit, 2nd on master
|/  
* 7529e46 1st commit, 1st on master

ls1908
*   a09892f 9th commit (2nd on branch 4). commit is from merging.
|\  
| *   53edba6 7th commit (4th on master) commit is from merge.
| |\  
| | * 0d08133 5th commit (1st on branch3).
* | |   d7f4932 8th commit (1st on branch 4). commit is from merge.
|\ \ \  
| |/ /  
|/| |   
| * | 250e6b0 4th commit (1st on branch2).
* | |   1559a71 6th commit (3rd on master) commit is from merge.
|\ \ \  
| |/ /  
| | /   
| |/    
|/|     
| * 6f58df4 3rd commit (1st on branch1).
* | 4d5bdc7 2nd commit (2nd on master).
|/  
* d838d58 1st commit (1st on master).

mmd378
*   ad59717 commit 9
|\  
| *   3a3244b commit 8
| |\  
| | * 03dd8ad commit 4
* | |   1360273 commit 7
|\ \ \  
| |/ /  
| * |   34bbd91 commit 5
| |\ \  
| | |/  
| |/|   
| * | 2de8c60 commit 2
* | | 56b481f commit 6
| |/  
|/|   
* | fe6d35a commit 3
|/  
* c9840d6 commit 1

sb3923
*   b0f24bf 9th commit (last on master, merge-4).
|\  
| *   daadd98 8th commit (3rd on branch1, merge-3).
| |\  
| | * 1b28945 6th commit (1st on branch2).
* | |   13a86d8 7th commit (4th on master, merge-2).
|\ \ \  
| |/ /  
| * |   09dc735 4th commit (2nd on branch1, merge).
| |\ \  
| | |/  
| |/|   
| * | d803100 3rd commit (1st on branch1).
* | | 8683dfa 5th commit (3rd on master).
| |/  
|/|   
* | 17c7c85 2nd commit (2nd on master).
|/  
* a4630ac 1st commit (1st on master)

zd507
*   f2606a3 merging last 2 branches 3a and 3b to creating end node
|\
| | *   783df19 merging branch 2b with 2c to create 3b
| | |\
| |/ /
|/| |
| | * abd1ab4 1st commit to branch 2c (4th commit total)
| | | *   bc8624a merging branch 2a with 2b to meet at 3a
| | | |\
| |_|/ /
|/| | /
| | |/
| |/|
| * | f1d39c2 1st commit on branch 3a (7th commit total)
| * | 2715aa9 1st commit to branch 2a (5th commit total)
| |/
| | *   82af1dc merging branch_1a with branch_1b to branch_2b
| | |\
| |/ /
| | /
| |/
|/|
* | 76f4a2a 1st commit to branch_2b (6th commit total)
* | b4bbf8f 1st commit to branch 1a (2nd commit total)
| * 98d36c4 1st commit to branch 1b (3rd commit total)
|/
* f88607f 1st commit to master

