"ly880" 
*   0b02310 merge w/ master to get last node
|\  
| *   f4c6585 merge master w/ center
| |\  
| * | b091223 push master one commit
* | |   9342a24 take branch 1 to center node
|\ \ \  
| | |/  
| |/|   
| * |   02930fc now we merge to center node
| |\ \  
| | |/  
| | * 54897b2 move down b
* | | bdf66f3 p one by one commit
|/ /  
* | 0b411f2 branch a commit
|/  
* 71bf58f left node


sl4964
*   26f9e20 node9 Merge branch 'branch1'
|\  
| *   f8e2b8a node8 Merge branch 'branch2' into branch1
| |\  
| | * 9043e84 node6
* | |   1eacaa6 node7 Merge branch 'branch1'
|\ \ \  
| |/ /  
| * |   ee919e2 node4 Merge branch 'master' into branch1
| |\ \  
| | |/  
| |/|   
| * | 5ba4ccf node3
* | | 1f2e26d node5
| |/  
|/|   
* | 63129cc node2
|/  
* c06dabd node1
