ps3336
*   82f989d 9th commit Merge branch 'testing2'
|\
| *   b78a305 6th commit Merge 'master' into testing2
| |\
| * | 684b673 5th commit
* | |   aaeba08 8th commit Merge branch 'testing3'
|\ \ \
| |_|/
|/| |
| * | ef72f0f 7th commit
* | |   19415d8 4th commit Merge master 'testing1'
|\ \ \
| |/ /
| | /
| |/
|/|
| * 9c05c37 3rd commit
* | 52bbbcf 2nd commit
|/
* 95c5d06 1st commit
sl5924
*   242b460 merge testing2 to master
|\  
| *   7bf0bfb merge master to testing2
| |\  
| * | 3732837 first commit on testing2
* | |   c9b4586 merge testing to master
|\ \ \  
| |_|/  
|/| |   
| * | 872e25a second commit on testing1
* | |   ac7a431 merge master and testing
|\ \ \  
| |/ /  
| | /   
| |/    
|/|     
| * 2ef78d9 first commit on testing
* | e6ee113 first commit on master
|/  
* c804848 first commit
