lj1035
*   d303703 merge (9)
|\  
| *   452b822 merge (8)
| |\  
| | * c931839 2nd on testing1 (7)
* | |   bbfcb50 merge (6)
|\ \ \  
| |/ /  
| * |   7ce840c merge (5)
| |\ \  
| | |/  
| | * 0e21e5b 1st on testing1 (4)
* | | d1c27e4 1st on testing2 (3)
|/ /  
* | eace9b2 2nd on master (2)
|/  
* 02feb51 1st on master (1)

sx550
*   125d307 9
|\  
| *   256d834 8
| |\  
| | * 6c525c9 6
* | |   68a22d0 7
|\ \ \  
| |/ /  
| * |   8711e23 5
| |\ \  
| | |/  
| | * 59c42d1 3
* | | ed5d1e5 4
|/ /  
* | 358546b 2
|/  
* f62cda6 1
