da1933
*   616d79b final merge
|\  
| *   ab2bfe4 merge 02 with 11
| |\  
| * | 764da14 4th commit (1st on 02).
* | |   951b8ff merge 20 with 11
|\ \ \  
| | |/  
| |/|   
| * |   85f3fd2 Merge branch '10' into 01
| |\ \  
| | |/  
| |/|   
| * | ee18057 2nd commit (1st on 01).
* | | d2c6df5 5th commit (1st on 20).
| |/  
|/|   
* | c146a7d 3rd commit (1st on 10).
|/  
* 77df653 1st commit (1st on master).
tr1312
*   d168c27 Merge branch 'A1-1' into A2-2
|\  
| *   4d45078 Merge branch 'A1' into A1-1
| |\  
| * | 40ca7f9 3rd commit, 1st on A1-1
* | |   7be7fba erge branch 'A1' into A2-2
|\ \ \  
| | |/  
| |/|   
| * |   345eada Merge branch 'A2' into A1
| |\ \  
| | |/  
| |/|   
| * | 34dd7bb 2nd commit, 1st on A1
* | | 9c41a82 5th commit, 1st on A2-2
| |/  
|/|   
* | 4206918 4th commit, 1st on A2
|/  
* 2aecbb9 1st commit, 1st on master
