dv697
*   f77cae3 Final Merge
|\  
| *   815996f 3rd merge. Merging master with branchfromMaster
| |\  
| * | 399025b 4th commit(1st from branch from master)
* | |   51d46cc 2nd merge. Merging master with branchfromTesting
|\ \ \  
| | |/  
| |/|   
| * |   9fc3ccd 1st merge. Merging testing with master
| |\ \  
| | |/  
| |/|   
| * | 6c0b7ac 3rd commit(2nd one in master)
* | | f8be401 5th commit (1st one from branchFromTesting
| |/  
|/|   
* | 17d1976 2nd commit (1st one for testing)
|/  
* 735d10f 1st commit (1st one for master)

ue225
*   97988e2 final Merge branch 'eeac2' into b2
|\  
| *   1f1d496 merge2 Merge branch 'master' into eeac2
| |\  
| * | f4eb579 Commit 4
* | |   edcc0b2 Merge branch 'master' into b2
|\ \ \  
| | |/  
| |/|   
| * |   e0a3d6a Merge 1 Merge branch 'b1'
| |\ \  
| | |/  
| | * eeac288 comm2
* | | 89aea53 comm6
|/ /  
* | 2dc0088 comm3
|/  
* d1021e4 First commit
