cl4076
*   a793f95 Merge branch 'feature_a_2' to master
|\
| *   56f7258 Merge branch 'feature_b' into feature_a_2
| |\
| * | 9f7d28f 5th commit(1st on feature_a_2)
* | |   f056b82 Merge branch 'feature_b' to master
|\ \ \
| | |/
| |/|
| * |   5e6f552 Merge branch 'feature_a' into feature_b
| |\ \
| | |/
| | * 3d05250 2nd commit(1st on feature_a)
| * | b8d6896 4th commit(1st on feature_b)
* | | e0a18ab 6th commit(3rd on master)
|/ /
* | ad4af88 3rd commit(2nd on master)
|/
* 458074e 1st commit(1st on master)
xs741
*   d2ff245 (HEAD -> master) Merge branch 'test1'
|\  
| *   e86625e (test1) Merge commit '30e7508' into test1
| |\  
| * | 3cb72c8 2nd commit | test1
* | |   b88796f Merge branch 'test2'
|\ \ \  
| * | | 3583400 (test2) 1st commit | test2
| | |/  
| |/|   
* | |   de9326c Merge branch 'test1'
|\ \ \  
| |/ /  
|/| /   
| |/    
| * 2be6838 1st commit | test1
* | 30e7508 2nd commit | master
|/  
* 2c1d861 1st commit | master
