ps3336
*   82f989d 9th commit Merge branch 'testing2'
|\
| *   b78a305 6th commit Merge 'master' into testing2
| |\
| * | 684b673 5th commit
* | |   aaeba08 8th commit Merge branch 'testing3'
|\ \ \
| |_|/
|/| |
| * | ef72f0f 7th commit
* | |   19415d8 4th commit Merge master 'testing1'
|\ \ \
| |/ /
| | /
| |/
|/|
| * 9c05c37 3rd commit
* | 52bbbcf 2nd commit
|/
* 95c5d06 1st commit
xw1435
*   0da6b26 merge testing1
|\  
| *   a880e9b merge master testing1
| |\  
| * | 2aba0df 1st commit testing1
* | |   172f0e2 merge testing2
|\ \ \  
| |_|/  
|/| |   
| * | 3926721 1st commit testing2
* | |   8ca788f merge master testing
|\ \ \  
| |/ /  
| | /   
| |/    
|/|     
| * c64cdc9 1st commit on testing
* | e1b08cc 2nd commit on master
|/  
* f616349 1st commit
