lt1503
*   8b3d55f Merge branch 'b1' into b2
|\  
| *   fd7d336 Merge branch 'master' into b1
| |\  
| | * ce1d853 c2
* | |   27cc044 Merge branch 'b1' into b2
|\ \ \  
| |/ /  
| * |   f26ce8c Merge branch 'master' into b1
| |\ \  
| | |/  
| | * f32a663 c1
* | | 81abc6c b2
|/ /  
* | e1ef8c0 b1
|/  
* 1904855 start
yf940
*   b6b87ab Gomi 40
|\  
| *   2780fdf Gomi 31
| |\  
| * | e418a9a Gomi 22
* | |   9c51484 Gomi 30
|\ \ \  
| | |/  
| |/|   
| * |   919190f Gomi 21
| |\ \  
| | |/  
| |/|   
| * | f7b4239 Gomi 11
* | | 775d585 Gomi 20
| |/  
|/|   
* | 5fb5dc8 10 commit
|/  
* 961f68d 1st commit
