yc1228
*   e24f5bd Merge branch 'master1' into testing1
|\  
| *   48b696a Merge branch 'master' into master1
| |\  
| * | 90f21bf 4th commit.
* | |   1e08af3 Merge branch 'master' into testing1
|\ \ \  
| | |/  
| |/|   
| * |   39a6370 Merge branch 'testing'
| |\ \  
| | |/  
| |/|   
| * | 5346b46 3rd commit.
* | | ed47962 5th commit.
| |/  
|/|   
* | 5e22b39 2nd commit.
|/  
* e4bb349 1st commit.


ys2603
*   e3a8147 final merge
|\  
| *   4737b98 2nd merge
| |\  
| * | 0984e6a 5th commit
* | |   59cb7ab 3rd merge
|\ \ \  
| | |/  
| |/|   
| * |   832e9d9 1st merge
| |\ \  
| | |/  
| | * 6ef49e5 2nd commit
* | | 4f30cea 4th commit
|/ /  
* | f88ac23 3rd commit
|/  
* 323d366 1st commit
