md3797
*   cc28782 9th commit (5th on master)
|\  
| *   d15dbce 7th commit (2nd on b2)
| |\  
| * | 45484d0 4th commit (1st on b2)
* | |   1f08531 8th commit (4rd on master)
|\ \ \  
| |_|/  
|/| |   
| * | def57b0 6th commit (2nd on b1)
* | |   d2f742e 5th commit (3rd on master)
|\ \ \  
| |/ /  
| | /   
| |/    
|/|     
| * d4a929a 2nd commit (1st on b1)
* | 5613909 3rd commit (2nd on master)
|/  
* 677c063 1st commit (1st on master)

ys2786
*   3fc20c9 [branch1] 8th commit, merge [branch2]
|\  
| *   06a633c Merge branch 'merge1' into branch2
| |\  
| * | b8db948 [branch2] 4th commit
* | |   f9edcf4 [branch1] 7th commit, merge with [merge1]
|\ \ \  
| | |/  
| |/|   
| * |   bb5a52f [merge1] 5th commit
| |\ \  
| | |/  
| | * 77878d8 [branch2] 3rd commit
* | | 2391ccc [branch1] 6th commit
|/ /  
* | 9a79bcb [branch1] 2nd commit
|/  
* f828978 [master] 1st commit
