cl3869
*   8baeea7 Merge branch 'branch2' merge branch2
|\  
| *   ba2f99e Merge branch 'branch1' into branch2 merge branch1 to branch2
| |\  
| * | db3c59f 4 commit, 1  b2
* | |   765a6f9 Merge branch 'branch1' merge branch1
|\ \ \  
| |/ /  
|/| |   
| * | 85f75f2 5 commit, 2 on b1
| |/  
| * 38ab0c6 2 commit, 1  b1
* | e632077 3 commit, 2  master
|/  
* db9ebc8 1 commit, 1  master

ys2786
*   3fc20c9 [branch1] 8th commit, merge [branch2]
|\
| *   06a633c Merge branch 'merge1' into branch2
| |\
| * | b8db948 [branch2] 4th commit
* | |   f9edcf4 [branch1] 7th commit, merge with [merge1]
|\ \ \
| | |/
| |/|
| * |   bb5a52f [merge1] 5th commit
| |\ \
| | |/
| | * 77878d8 [branch2] 3rd commit
* | | 2391ccc [branch1] 6th commit
|/ /
* | 9a79bcb [branch1] 2nd commit
|/
* f828978 [master] 1st commit

yw2848
*   bf008a1 Merge branch 'test2' master merge test2
|\  
| *   d428fe4 7th commit (2nd on test2).
| |\  
| * | c684deb 4th commit (1st on test2)
* | |   ab31ab9 Merge branch 'test1' master merge test1
|\ \ \  
| |_|/  
|/| |   
| * | d8e6c3e 6th commit (2nd on test1).
* | |   b24d8ae 5th commit (3rd on master).
|\ \ \  
| |/ /  
| | /   
| |/    
|/|     
| * fb2c239 2nd commit (1st on test1)
* | e4b362e 3rd commit (2nd on master)
|/  
* 6771ad6 1st commit (1st on master)
