yz1349
*   42dfaf5 5th layer master
|\  
| *   c1b61b0 4th layer branch1
| |\  
| * | f17a712 3rd layer branch1
* | |   cbeacec 4th layer master
|\ \ \  
| |_|/  
|/| |   
| * | 6bc835a 3rd layer branch2
* | |   80a1816 3rd layer master
|\ \ \  
| |/ /  
|/| /   
| |/    
| * 45125cd 2nd layer branch1
* | d2554b9 2nd layer master
|/  
* 3395127 1st layer master

zg475
*   b6a66fb final merge
|\  
| *   944e2af 2rd merge master to b1
| |\  
| * | 9ebba6b 2rd change to branch1
* | |   5e382fd 3rd merge b2 to master
|\ \ \  
| |_|/  
|/| |   
| * | e32c2ab 1st change on branch2
* | |   108322a first merge b1 to master
|\ \ \  
| |/ /  
|/| /   
| |/    
| * bf01be0 1st change on branch1
* | babf9f2 1st change on master
|/  
* 2d46c84 start point