mf3308
*   0fd6611 merge final
|\  
| *   b6c014c merge test2
| |\  
| * | 0bae402 2nd on test2
* | |   312cfcb merge test1
|\ \ \  
| | |/  
| |/|   
| * |   4c9a783 merge test1
| |\ \  
| | |/  
| | * e69dc6d 1st on test2
* | | 64cf988 2nd on test1
|/ /  
* | 1ea1bc4 1st on test1
|/  
* c32c898 1st on master
yz3735
*   053368a 5
|\  
| *   3919a36 4.2
| |\  
| | * a1c3151 3.3
* | |   ac6e67a 4.1
|\ \ \  
| |/ /  
| * |   ce1bde3 3.2
| |\ \  
| | |/  
| |/|   
| * | 68e597b 2.2
* | | 23c6e02 3.1
| |/  
|/|   
* | 4e135d8 2.1
|/  
* 7616638 1
