yc1228
*   e24f5bd Merge branch 'master1' into testing1
|\  
| *   48b696a Merge branch 'master' into master1
| |\  
| * | 90f21bf 4th commit.
* | |   1e08af3 Merge branch 'master' into testing1
|\ \ \  
| | |/  
| |/|   
| * |   39a6370 Merge branch 'testing'
| |\ \  
| | |/  
| |/|   
| * | 5346b46 3rd commit.
* | | ed47962 5th commit.
| |/  
|/|   
* | 5e22b39 2nd commit.
|/  
* e4bb349 1st commit.


yz855
*   011396f Merge branch 't1' into t
|\  
| *   10e2055 Merge branch 'master' into t1
| |\  
| * | 9652517 d
* | |   b1563ec Merge branch 'master' into t
|\ \ \  
| | |/  
| |/|   
| * |   224c44f Merge branch 't'
| |\ \  
| | |/  
| |/|   
| * | 32f965e c
* | | a409868 e
| |/  
|/|   
* | 52939d1 b
|/  
* 72fa6b7 a
