js5991
*   c8590c5 Merge branch 'branch2' into branch1
|\  
| *   7bbedf6 Merge branch 'master' into branch2
| |\  
| * | c078da1 4th commit (1st branch2)
* | |   1895191 Merge branch 'master' into branch1
|\ \ \  
| | |/  
| |/|   
| * |   bfc9e01 resolved conflict
| |\ \  
| | |/  
| |/|   
| * | 811947b 3rd commit (2nd master)
* | | 8080920 5th commit(2nd branch1)
| |/  
|/|   
* | bc74bf1 2nd commit (1st branch1)
|/  
* db96015 1st Commit

zl1755
*   935d4d7 final merge
|\  
| *   e5f3e1e merge node 2 with node 8
| |\  
| * | 90e2b94 diverge to branch 2
* | |   9dc25d4 merge with master move branch1 to node 7
|\ \ \  
| | |/  
| |/|   
| * |   60e6bf4 resolve conflicts
| |\ \  
| | |/  
| |/|   
| * | cd81438 1st div on master
* | | 86de24f diverge branch1 to node 6
| |/  
|/|   
* | 1f761cf 1st div on b1
|/  
* b07d320 initial commit master
